0 info it worked if it ends with ok
1 verbose cli [ '/usr/local/bin/node', '/usr/local/bin/npm', 'run', 'server' ]
2 info using npm@3.10.3
3 info using node@v6.4.0
4 verbose run-script [ 'preserver', 'server', 'postserver' ]
5 info lifecycle myproject@1.0.0~preserver: myproject@1.0.0
6 silly lifecycle myproject@1.0.0~preserver: no script for preserver, continuing
7 info lifecycle myproject@1.0.0~server: myproject@1.0.0
8 verbose lifecycle myproject@1.0.0~server: unsafe-perm in lifecycle true
9 verbose lifecycle myproject@1.0.0~server: PATH: /usr/local/lib/node_modules/npm/bin/node-gyp-bin:/Users/lu/project/learntest/llll/node_modules/.bin:/usr/local/bin:/usr/local/mongodb/bin:/usr/local/bin:/usr/bin:/bin:/usr/sbin:/sbin:/usr/local/go/bin:/Applications/Wireshark.app/Contents/MacOS
10 verbose lifecycle myproject@1.0.0~server: CWD: /Users/lu/project/learntest/llll
11 silly lifecycle myproject@1.0.0~server: Args: [ '-c', 'supervisor -harmony server/app' ]
12 silly lifecycle myproject@1.0.0~server: Returned: code: 1  signal: null
13 info lifecycle myproject@1.0.0~server: Failed to exec server script
14 verbose stack Error: myproject@1.0.0 server: `supervisor -harmony server/app`
14 verbose stack Exit status 1
14 verbose stack     at EventEmitter.<anonymous> (/usr/local/lib/node_modules/npm/lib/utils/lifecycle.js:242:16)
14 verbose stack     at emitTwo (events.js:106:13)
14 verbose stack     at EventEmitter.emit (events.js:191:7)
14 verbose stack     at ChildProcess.<anonymous> (/usr/local/lib/node_modules/npm/lib/utils/spawn.js:40:14)
14 verbose stack     at emitTwo (events.js:106:13)
14 verbose stack     at ChildProcess.emit (events.js:191:7)
14 verbose stack     at maybeClose (internal/child_process.js:852:16)
14 verbose stack     at Process.ChildProcess._handle.onexit (internal/child_process.js:215:5)
15 verbose pkgid myproject@1.0.0
16 verbose cwd /Users/lu/project/learntest/llll
17 error Darwin 15.0.0
18 error argv "/usr/local/bin/node" "/usr/local/bin/npm" "run" "server"
19 error node v6.4.0
20 error npm  v3.10.3
21 error code ELIFECYCLE
22 error myproject@1.0.0 server: `supervisor -harmony server/app`
22 error Exit status 1
23 error Failed at the myproject@1.0.0 server script 'supervisor -harmony server/app'.
23 error Make sure you have the latest version of node.js and npm installed.
23 error If you do, this is most likely a problem with the myproject package,
23 error not with npm itself.
23 error Tell the author that this fails on your system:
23 error     supervisor -harmony server/app
23 error You can get information on how to open an issue for this project with:
23 error     npm bugs myproject
23 error Or if that isn't available, you can get their info via:
23 error     npm owner ls myproject
23 error There is likely additional logging output above.
24 verbose exit [ 1, true ]
